# JRE version: Java(TM) SE Runtime Environment (8.0_144-b01) (build 1.8.0_144-b01)
# Java VM: Java HotSpot(TM) 64-Bit Server VM (25.144-b01 mixed mode windows-amd64 compressed oops)
Heap:
 PSYoungGen      total 444416K, used 262119K [0x000000076d600000, 0x000000078a780000, 0x00000007c0000000)
  eden space 425984K, 61% used [0x000000076d600000,0x000000077d5f9ec0,0x0000000787600000)
  from space 18432K, 0% used [0x0000000788780000,0x0000000788780000,0x0000000789980000)
  to   space 17920K, 0% used [0x0000000787600000,0x0000000787600000,0x0000000788780000)
 ParOldGen       total 146944K, used 28711K [0x00000006c8200000, 0x00000006d1180000, 0x000000076d600000)
  object space 146944K, 19% used [0x00000006c8200000,0x00000006c9e09c08,0x00000006d1180000)
 Metaspace       used 62253K, capacity 66200K, committed 66432K, reserved 1105920K
  class space    used 8691K, capacity 9325K, committed 9344K, reserved 1048576K
GC Heap History (10 events):
Event: 17.417 GC heap before
{Heap before GC invocations=11 (full 2):
 PSYoungGen      total 206848K, used 6301K [0x000000076d600000, 0x0000000781800000, 0x00000007c0000000)
  eden space 195072K, 0% used [0x000000076d600000,0x000000076d600000,0x0000000779480000)
  from space 11776K, 53% used [0x0000000779480000,0x0000000779aa7400,0x000000077a000000)
  to   space 11264K, 0% used [0x0000000780d00000,0x0000000780d00000,0x0000000781800000)
 ParOldGen       total 89600K, used 13042K [0x00000006c8200000, 0x00000006cd980000, 0x000000076d600000)
  object space 89600K, 14% used [0x00000006c8200000,0x00000006c8ebcb60,0x00000006cd980000)
 Metaspace       used 33484K, capacity 35328K, committed 35416K, reserved 1079296K
  class space    used 4482K, capacity 4842K, committed 4864K, reserved 1048576K
Event: 17.473 GC heap after
Heap after GC invocations=11 (full 2):
 PSYoungGen      total 206848K, used 0K [0x000000076d600000, 0x0000000781800000, 0x00000007c0000000)
  eden space 195072K, 0% used [0x000000076d600000,0x000000076d600000,0x0000000779480000)
  from space 11776K, 0% used [0x0000000779480000,0x0000000779480000,0x000000077a000000)
  to   space 11264K, 0% used [0x0000000780d00000,0x0000000780d00000,0x0000000781800000)
 ParOldGen       total 111616K, used 13720K [0x00000006c8200000, 0x00000006cef00000, 0x000000076d600000)
  object space 111616K, 12% used [0x00000006c8200000,0x00000006c8f661f0,0x00000006cef00000)
 Metaspace       used 33484K, capacity 35328K, committed 35416K, reserved 1079296K
  class space    used 4482K, capacity 4842K, committed 4864K, reserved 1048576K
}
Event: 18.262 GC heap before
{Heap before GC invocations=12 (full 2):
 PSYoungGen      total 206848K, used 195072K [0x000000076d600000, 0x0000000781800000, 0x00000007c0000000)
  eden space 195072K, 100% used [0x000000076d600000,0x0000000779480000,0x0000000779480000)
  from space 11776K, 0% used [0x0000000779480000,0x0000000779480000,0x000000077a000000)
  to   space 11264K, 0% used [0x0000000780d00000,0x0000000780d00000,0x0000000781800000)
 ParOldGen       total 111616K, used 13720K [0x00000006c8200000, 0x00000006cef00000, 0x000000076d600000)
  object space 111616K, 12% used [0x00000006c8200000,0x00000006c8f661f0,0x00000006cef00000)
 Metaspace       used 38494K, capacity 40540K, committed 40704K, reserved 1085440K
  class space    used 5144K, capacity 5560K, committed 5632K, reserved 1048576K
Event: 18.271 GC heap after
Heap after GC invocations=12 (full 2):
 PSYoungGen      total 298496K, used 7311K [0x000000076d600000, 0x0000000781480000, 0x00000007c0000000)
  eden space 290816K, 0% used [0x000000076d600000,0x000000076d600000,0x000000077f200000)
  from space 7680K, 95% used [0x0000000780d00000,0x0000000781423e28,0x0000000781480000)
  to   space 10752K, 0% used [0x000000077ff80000,0x000000077ff80000,0x0000000780a00000)
 ParOldGen       total 111616K, used 13728K [0x00000006c8200000, 0x00000006cef00000, 0x000000076d600000)
  object space 111616K, 12% used [0x00000006c8200000,0x00000006c8f681f0,0x00000006cef00000)
 Metaspace       used 38494K, capacity 40540K, committed 40704K, reserved 1085440K
  class space    used 5144K, capacity 5560K, committed 5632K, reserved 1048576K
}
Event: 43.012 GC heap before
{Heap before GC invocations=13 (full 2):
 PSYoungGen      total 298496K, used 298127K [0x000000076d600000, 0x0000000781480000, 0x00000007c0000000)
  eden space 290816K, 100% used [0x000000076d600000,0x000000077f200000,0x000000077f200000)
  from space 7680K, 95% used [0x0000000780d00000,0x0000000781423e28,0x0000000781480000)
  to   space 10752K, 0% used [0x000000077ff80000,0x000000077ff80000,0x0000000780a00000)
 ParOldGen       total 111616K, used 13728K [0x00000006c8200000, 0x00000006cef00000, 0x000000076d600000)
  object space 111616K, 12% used [0x00000006c8200000,0x00000006c8f681f0,0x00000006cef00000)
 Metaspace       used 48742K, capacity 51504K, committed 51840K, reserved 1093632K
  class space    used 6716K, capacity 7205K, committed 7296K, reserved 1048576K
Event: 43.046 GC heap after
Heap after GC invocations=13 (full 2):
 PSYoungGen      total 315392K, used 10742K [0x000000076d600000, 0x0000000789980000, 0x00000007c0000000)
  eden space 304640K, 0% used [0x000000076d600000,0x000000076d600000,0x000000077ff80000)
  from space 10752K, 99% used [0x000000077ff80000,0x00000007809fd938,0x0000000780a00000)
  to   space 18432K, 0% used [0x0000000788780000,0x0000000788780000,0x0000000789980000)
 ParOldGen       total 111616K, used 30890K [0x00000006c8200000, 0x00000006cef00000, 0x000000076d600000)
  object space 111616K, 27% used [0x00000006c8200000,0x00000006ca02ab50,0x00000006cef00000)
 Metaspace       used 48742K, capacity 51504K, committed 51840K, reserved 1093632K
  class space    used 6716K, capacity 7205K, committed 7296K, reserved 1048576K
}
Event: 43.964 GC heap before
{Heap before GC invocations=14 (full 2):
 PSYoungGen      total 315392K, used 126976K [0x000000076d600000, 0x0000000789980000, 0x00000007c0000000)
  eden space 304640K, 38% used [0x000000076d600000,0x0000000774782918,0x000000077ff80000)
  from space 10752K, 99% used [0x000000077ff80000,0x00000007809fd938,0x0000000780a00000)
  to   space 18432K, 0% used [0x0000000788780000,0x0000000788780000,0x0000000789980000)
 ParOldGen       total 111616K, used 30890K [0x00000006c8200000, 0x00000006cef00000, 0x000000076d600000)
  object space 111616K, 27% used [0x00000006c8200000,0x00000006ca02ab50,0x00000006cef00000)
 Metaspace       used 56062K, capacity 58816K, committed 59008K, reserved 1099776K
  class space    used 7792K, capacity 8259K, committed 8320K, reserved 1048576K
Event: 43.983 GC heap after
Heap after GC invocations=14 (full 2):
 PSYoungGen      total 444416K, used 7464K [0x000000076d600000, 0x000000078a780000, 0x00000007c0000000)
  eden space 425984K, 0% used [0x000000076d600000,0x000000076d600000,0x0000000787600000)
  from space 18432K, 40% used [0x0000000788780000,0x0000000788eca0b0,0x0000000789980000)
  to   space 17920K, 0% used [0x0000000787600000,0x0000000787600000,0x0000000788780000)
 ParOldGen       total 111616K, used 37727K [0x00000006c8200000, 0x00000006cef00000, 0x000000076d600000)
  object space 111616K, 33% used [0x00000006c8200000,0x00000006ca6d7ca8,0x00000006cef00000)
 Metaspace       used 56062K, capacity 58816K, committed 59008K, reserved 1099776K
  class space    used 7792K, capacity 8259K, committed 8320K, reserved 1048576K
}
Event: 43.983 GC heap before
{Heap before GC invocations=15 (full 3):
 PSYoungGen      total 444416K, used 7464K [0x000000076d600000, 0x000000078a780000, 0x00000007c0000000)
  eden space 425984K, 0% used [0x000000076d600000,0x000000076d600000,0x0000000787600000)
  from space 18432K, 40% used [0x0000000788780000,0x0000000788eca0b0,0x0000000789980000)
  to   space 17920K, 0% used [0x0000000787600000,0x0000000787600000,0x0000000788780000)
 ParOldGen       total 111616K, used 37727K [0x00000006c8200000, 0x00000006cef00000, 0x000000076d600000)
  object space 111616K, 33% used [0x00000006c8200000,0x00000006ca6d7ca8,0x00000006cef00000)
 Metaspace       used 56062K, capacity 58816K, committed 59008K, reserved 1099776K
  class space    used 7792K, capacity 8259K, committed 8320K, reserved 1048576K
Event: 44.193 GC heap after
Heap after GC invocations=15 (full 3):
 PSYoungGen      total 444416K, used 0K [0x000000076d600000, 0x000000078a780000, 0x00000007c0000000)
  eden space 425984K, 0% used [0x000000076d600000,0x000000076d600000,0x0000000787600000)
  from space 18432K, 0% used [0x0000000788780000,0x0000000788780000,0x0000000789980000)
  to   space 17920K, 0% used [0x0000000787600000,0x0000000787600000,0x0000000788780000)
 ParOldGen       total 146944K, used 28711K [0x00000006c8200000, 0x00000006d1180000, 0x000000076d600000)
  object space 146944K, 19% used [0x00000006c8200000,0x00000006c9e09c08,0x00000006d1180000)
 Metaspace       used 56062K, capacity 58816K, committed 59008K, reserved 1099776K
  class space    used 7792K, capacity 8259K, committed 8320K, reserved 1048576K
}

